  [1m[36m (1.1ms)[0m  [1mCREATE TABLE "schema_migrations" ("version" varchar NOT NULL) [0m
  [1m[35m (0.2ms)[0m  select sqlite_version(*)
  [1m[36m (1.2ms)[0m  [1mCREATE UNIQUE INDEX "unique_schema_migrations" ON "schema_migrations" ("version")[0m
  [1m[35mActiveRecord::SchemaMigration Load (0.1ms)[0m  SELECT "schema_migrations".* FROM "schema_migrations"
Migrating to CreateUsers (20150425210402)
  [1m[36m (0.1ms)[0m  [1mbegin transaction[0m
  [1m[35m (0.5ms)[0m  CREATE TABLE "users" ("id" INTEGER PRIMARY KEY AUTOINCREMENT NOT NULL, "name" varchar, "email" varchar, "created_at" datetime NOT NULL, "updated_at" datetime NOT NULL) 
  [1m[36mSQL (0.2ms)[0m  [1mINSERT INTO "schema_migrations" ("version") VALUES (?)[0m  [["version", "20150425210402"]]
  [1m[35m (0.9ms)[0m  commit transaction
  [1m[36mActiveRecord::SchemaMigration Load (0.1ms)[0m  [1mSELECT "schema_migrations".* FROM "schema_migrations"[0m


Started GET "/" for ::1 at 2015-04-26 17:06:55 +0900
  [1m[36mActiveRecord::SchemaMigration Load (0.2ms)[0m  [1mSELECT "schema_migrations".* FROM "schema_migrations"[0m
Processing by Rails::WelcomeController#index as HTML
  Rendered /Users/Negi/.rbenv/versions/2.2.0/lib/ruby/gems/2.2.0/gems/railties-4.2.1/lib/rails/templates/rails/welcome/index.html.erb (2.2ms)
Completed 200 OK in 24ms (Views: 11.8ms | ActiveRecord: 0.0ms)


Started GET "/" for ::1 at 2015-04-26 17:07:17 +0900
Processing by Rails::WelcomeController#index as HTML
  Rendered /Users/Negi/.rbenv/versions/2.2.0/lib/ruby/gems/2.2.0/gems/railties-4.2.1/lib/rails/templates/rails/welcome/index.html.erb (0.0ms)
Completed 200 OK in 4ms (Views: 3.7ms | ActiveRecord: 0.0ms)


Started GET "/users" for ::1 at 2015-04-26 17:08:15 +0900
Processing by UsersController#index as HTML
  [1m[35mUser Load (0.3ms)[0m  SELECT "users".* FROM "users"
  Rendered users/index.html.erb within layouts/application (3.5ms)
Completed 200 OK in 2560ms (Views: 2556.9ms | ActiveRecord: 0.4ms)


Started GET "/assets/users.self-e3b0c44298fc1c149afbf4c8996fb92427ae41e4649b934ca495991b7852b855.css?body=1" for ::1 at 2015-04-26 17:08:18 +0900


Started GET "/assets/scaffolds.self-79dbd658d0d02144580596c05506cff868af74fd2584058784349a28876f2c25.css?body=1" for ::1 at 2015-04-26 17:08:18 +0900


Started GET "/assets/application.self-e80e8f2318043e8af94dddc2adad5a4f09739a8ebb323b3ab31cd71d45fd9113.css?body=1" for ::1 at 2015-04-26 17:08:18 +0900


Started GET "/assets/application.self-3b8dabdc891efe46b9a144b400ad69e37d7e5876bdc39dee783419a69d7ca819.js?body=1" for ::1 at 2015-04-26 17:08:18 +0900


Started GET "/assets/turbolinks.self-c37727e9bd6b2735da5c311aa83fead54ed0be6cc8bd9a65309e9c5abe2cbfff.js?body=1" for ::1 at 2015-04-26 17:08:18 +0900


Started GET "/assets/jquery.self-d03a5518f45df77341bdbe6201ba3bfa547ebba8ed64f0ea56bfa5f96ea7c074.js?body=1" for ::1 at 2015-04-26 17:08:18 +0900


Started GET "/assets/jquery_ujs.self-8e98a7a072a6cee1372d19fff9ff3e6aa1e39a37d89d6f06861637d061113ee7.js?body=1" for ::1 at 2015-04-26 17:08:18 +0900


Started GET "/assets/users.self-877aef30ae1b040ab8a3aba4e3e309a11d7f2612f44dde450b5c157aa5f95c05.js?body=1" for ::1 at 2015-04-26 17:08:18 +0900


Started GET "/users/new" for ::1 at 2015-04-26 17:08:40 +0900
Processing by UsersController#new as HTML
  Rendered users/_form.html.erb (23.4ms)
  Rendered users/new.html.erb within layouts/application (29.7ms)
Completed 200 OK in 77ms (Views: 70.2ms | ActiveRecord: 0.3ms)


Started POST "/users" for ::1 at 2015-04-26 17:08:56 +0900
Processing by UsersController#create as HTML
  Parameters: {"utf8"=>"âœ“", "authenticity_token"=>"w99M/VsaVFmlbKycUkYf/ikyTE1ghrIq7w1vbIgW500/vWGYjwDaSp1th7F74pWMiyR0as72hSawhWdFzXa6Pg==", "user"=>{"name"=>"userName", "email"=>"test@a.com"}, "commit"=>"Create User"}
  [1m[36m (0.1ms)[0m  [1mbegin transaction[0m
  [1m[35mSQL (0.5ms)[0m  INSERT INTO "users" ("name", "email", "created_at", "updated_at") VALUES (?, ?, ?, ?)  [["name", "userName"], ["email", "test@a.com"], ["created_at", "2015-04-26 08:08:56.962687"], ["updated_at", "2015-04-26 08:08:56.962687"]]
  [1m[36m (0.8ms)[0m  [1mcommit transaction[0m
Redirected to http://localhost:3000/users/1
Completed 302 Found in 11ms (ActiveRecord: 1.5ms)


Started GET "/users/1" for ::1 at 2015-04-26 17:08:56 +0900
Processing by UsersController#show as HTML
  Parameters: {"id"=>"1"}
  [1m[35mUser Load (0.2ms)[0m  SELECT  "users".* FROM "users" WHERE "users"."id" = ? LIMIT 1  [["id", 1]]
  Rendered users/show.html.erb within layouts/application (1.6ms)
Completed 200 OK in 51ms (Views: 40.6ms | ActiveRecord: 0.2ms)


Started GET "/users" for ::1 at 2015-04-26 17:09:08 +0900
Processing by UsersController#index as HTML
  [1m[36mUser Load (0.2ms)[0m  [1mSELECT "users".* FROM "users"[0m
  Rendered users/index.html.erb within layouts/application (2.1ms)
Completed 200 OK in 41ms (Views: 40.5ms | ActiveRecord: 0.2ms)


Started GET "/users/1/edit" for ::1 at 2015-04-26 17:09:21 +0900
Processing by UsersController#edit as HTML
  Parameters: {"id"=>"1"}
  [1m[35mUser Load (0.2ms)[0m  SELECT  "users".* FROM "users" WHERE "users"."id" = ? LIMIT 1  [["id", 1]]
  Rendered users/_form.html.erb (2.1ms)
  Rendered users/edit.html.erb within layouts/application (4.6ms)
Completed 200 OK in 44ms (Views: 43.0ms | ActiveRecord: 0.2ms)


Started GET "/users" for ::1 at 2015-04-26 17:09:24 +0900
Processing by UsersController#index as HTML
  [1m[36mUser Load (0.2ms)[0m  [1mSELECT "users".* FROM "users"[0m
  Rendered users/index.html.erb within layouts/application (1.2ms)
Completed 200 OK in 41ms (Views: 40.5ms | ActiveRecord: 0.2ms)


Started GET "/users/1/edit" for ::1 at 2015-04-26 17:09:28 +0900
Processing by UsersController#edit as HTML
  Parameters: {"id"=>"1"}
  [1m[35mUser Load (0.1ms)[0m  SELECT  "users".* FROM "users" WHERE "users"."id" = ? LIMIT 1  [["id", 1]]
  Rendered users/_form.html.erb (2.1ms)
  Rendered users/edit.html.erb within layouts/application (4.1ms)
Completed 200 OK in 50ms (Views: 48.8ms | ActiveRecord: 0.1ms)


Started GET "/users" for ::1 at 2015-04-26 17:09:31 +0900
Processing by UsersController#index as HTML
  [1m[36mUser Load (0.3ms)[0m  [1mSELECT "users".* FROM "users"[0m
  Rendered users/index.html.erb within layouts/application (2.2ms)
Completed 200 OK in 52ms (Views: 50.5ms | ActiveRecord: 0.3ms)


Started DELETE "/users/1" for ::1 at 2015-04-26 17:10:37 +0900
Processing by UsersController#destroy as HTML
  Parameters: {"authenticity_token"=>"p+8E5PtXZiC88c0+nsytDXusfE1gTw+TxDBfds3ffIZbjSmBL03oM4Tw5hO3aCd/2bpEas4/OJ+buFdfiL8h9Q==", "id"=>"1"}
  [1m[35mUser Load (0.2ms)[0m  SELECT  "users".* FROM "users" WHERE "users"."id" = ? LIMIT 1  [["id", 1]]
  [1m[36m (0.1ms)[0m  [1mbegin transaction[0m
  [1m[35mSQL (0.4ms)[0m  DELETE FROM "users" WHERE "users"."id" = ?  [["id", 1]]
  [1m[36m (0.8ms)[0m  [1mcommit transaction[0m
Redirected to http://localhost:3000/users
Completed 302 Found in 5ms (ActiveRecord: 1.4ms)


Started GET "/users" for ::1 at 2015-04-26 17:10:37 +0900
Processing by UsersController#index as HTML
  [1m[35mUser Load (0.2ms)[0m  SELECT "users".* FROM "users"
  Rendered users/index.html.erb within layouts/application (1.0ms)
Completed 200 OK in 74ms (Views: 72.7ms | ActiveRecord: 0.2ms)
  [1m[36mActiveRecord::SchemaMigration Load (0.1ms)[0m  [1mSELECT "schema_migrations".* FROM "schema_migrations"[0m
Migrating to CreateMicroposts (20150426081355)
  [1m[35m (0.1ms)[0m  begin transaction
  [1m[36m (1.5ms)[0m  [1mCREATE TABLE "microposts" ("id" INTEGER PRIMARY KEY AUTOINCREMENT NOT NULL, "content" varchar, "user_id" integer, "created_at" datetime NOT NULL, "updated_at" datetime NOT NULL) [0m
  [1m[35mSQL (0.2ms)[0m  INSERT INTO "schema_migrations" ("version") VALUES (?)  [["version", "20150426081355"]]
  [1m[36m (1.0ms)[0m  [1mcommit transaction[0m
  [1m[35mActiveRecord::SchemaMigration Load (0.2ms)[0m  SELECT "schema_migrations".* FROM "schema_migrations"


Started GET "/micropost" for ::1 at 2015-04-26 17:15:24 +0900
  [1m[36mActiveRecord::SchemaMigration Load (0.2ms)[0m  [1mSELECT "schema_migrations".* FROM "schema_migrations"[0m

ActionController::RoutingError (No route matches [GET] "/micropost"):
  actionpack (4.2.1) lib/action_dispatch/middleware/debug_exceptions.rb:21:in `call'
  web-console (2.1.2) lib/web_console/middleware.rb:37:in `call'
  actionpack (4.2.1) lib/action_dispatch/middleware/show_exceptions.rb:30:in `call'
  railties (4.2.1) lib/rails/rack/logger.rb:38:in `call_app'
  railties (4.2.1) lib/rails/rack/logger.rb:20:in `block in call'
  activesupport (4.2.1) lib/active_support/tagged_logging.rb:68:in `block in tagged'
  activesupport (4.2.1) lib/active_support/tagged_logging.rb:26:in `tagged'
  activesupport (4.2.1) lib/active_support/tagged_logging.rb:68:in `tagged'
  railties (4.2.1) lib/rails/rack/logger.rb:20:in `call'
  actionpack (4.2.1) lib/action_dispatch/middleware/request_id.rb:21:in `call'
  rack (1.6.0) lib/rack/methodoverride.rb:22:in `call'
  rack (1.6.0) lib/rack/runtime.rb:18:in `call'
  activesupport (4.2.1) lib/active_support/cache/strategy/local_cache_middleware.rb:28:in `call'
  rack (1.6.0) lib/rack/lock.rb:17:in `call'
  actionpack (4.2.1) lib/action_dispatch/middleware/static.rb:113:in `call'
  rack (1.6.0) lib/rack/sendfile.rb:113:in `call'
  railties (4.2.1) lib/rails/engine.rb:518:in `call'
  railties (4.2.1) lib/rails/application.rb:164:in `call'
  rack (1.6.0) lib/rack/lock.rb:17:in `call'
  rack (1.6.0) lib/rack/content_length.rb:15:in `call'
  rack (1.6.0) lib/rack/handler/webrick.rb:89:in `service'
  /Users/Negi/.rbenv/versions/2.2.0/lib/ruby/2.2.0/webrick/httpserver.rb:138:in `service'
  /Users/Negi/.rbenv/versions/2.2.0/lib/ruby/2.2.0/webrick/httpserver.rb:94:in `run'
  /Users/Negi/.rbenv/versions/2.2.0/lib/ruby/2.2.0/webrick/server.rb:294:in `block in start_thread'


  Rendered /Users/Negi/.rbenv/versions/2.2.0/lib/ruby/gems/2.2.0/gems/actionpack-4.2.1/lib/action_dispatch/middleware/templates/rescues/_trace.html.erb (1.8ms)
  Rendered /Users/Negi/.rbenv/versions/2.2.0/lib/ruby/gems/2.2.0/gems/actionpack-4.2.1/lib/action_dispatch/middleware/templates/routes/_route.html.erb (2.3ms)
  Rendered /Users/Negi/.rbenv/versions/2.2.0/lib/ruby/gems/2.2.0/gems/actionpack-4.2.1/lib/action_dispatch/middleware/templates/routes/_table.html.erb (8.9ms)
  Rendered /Users/Negi/.rbenv/versions/2.2.0/lib/ruby/gems/2.2.0/gems/actionpack-4.2.1/lib/action_dispatch/middleware/templates/rescues/_request_and_response.html.erb (13.6ms)
  Rendered /Users/Negi/.rbenv/versions/2.2.0/lib/ruby/gems/2.2.0/gems/actionpack-4.2.1/lib/action_dispatch/middleware/templates/rescues/routing_error.html.erb within rescues/layout (135.9ms)
  Rendered /Users/Negi/.rbenv/versions/2.2.0/lib/ruby/gems/2.2.0/gems/web-console-2.1.2/lib/web_console/templates/_markup.html.erb (0.5ms)
  Rendered /Users/Negi/.rbenv/versions/2.2.0/lib/ruby/gems/2.2.0/gems/web-console-2.1.2/lib/web_console/templates/style.css.erb within layouts/inlined_string (0.6ms)
  Rendered /Users/Negi/.rbenv/versions/2.2.0/lib/ruby/gems/2.2.0/gems/web-console-2.1.2/lib/web_console/templates/_inner_console_markup.html.erb within layouts/inlined_string (0.4ms)
  Rendered /Users/Negi/.rbenv/versions/2.2.0/lib/ruby/gems/2.2.0/gems/web-console-2.1.2/lib/web_console/templates/_prompt_box_markup.html.erb within layouts/inlined_string (0.4ms)
  Rendered /Users/Negi/.rbenv/versions/2.2.0/lib/ruby/gems/2.2.0/gems/web-console-2.1.2/lib/web_console/templates/console.js.erb within layouts/javascript (96.2ms)
  Rendered /Users/Negi/.rbenv/versions/2.2.0/lib/ruby/gems/2.2.0/gems/web-console-2.1.2/lib/web_console/templates/main.js.erb within layouts/javascript (0.5ms)
  Rendered /Users/Negi/.rbenv/versions/2.2.0/lib/ruby/gems/2.2.0/gems/web-console-2.1.2/lib/web_console/templates/error_page.js.erb within layouts/javascript (0.5ms)
  Rendered /Users/Negi/.rbenv/versions/2.2.0/lib/ruby/gems/2.2.0/gems/web-console-2.1.2/lib/web_console/templates/index.html.erb (194.0ms)


Started GET "/micropost/new" for ::1 at 2015-04-26 17:15:36 +0900

ActionController::RoutingError (No route matches [GET] "/micropost/new"):
  actionpack (4.2.1) lib/action_dispatch/middleware/debug_exceptions.rb:21:in `call'
  web-console (2.1.2) lib/web_console/middleware.rb:37:in `call'
  actionpack (4.2.1) lib/action_dispatch/middleware/show_exceptions.rb:30:in `call'
  railties (4.2.1) lib/rails/rack/logger.rb:38:in `call_app'
  railties (4.2.1) lib/rails/rack/logger.rb:20:in `block in call'
  activesupport (4.2.1) lib/active_support/tagged_logging.rb:68:in `block in tagged'
  activesupport (4.2.1) lib/active_support/tagged_logging.rb:26:in `tagged'
  activesupport (4.2.1) lib/active_support/tagged_logging.rb:68:in `tagged'
  railties (4.2.1) lib/rails/rack/logger.rb:20:in `call'
  actionpack (4.2.1) lib/action_dispatch/middleware/request_id.rb:21:in `call'
  rack (1.6.0) lib/rack/methodoverride.rb:22:in `call'
  rack (1.6.0) lib/rack/runtime.rb:18:in `call'
  activesupport (4.2.1) lib/active_support/cache/strategy/local_cache_middleware.rb:28:in `call'
  rack (1.6.0) lib/rack/lock.rb:17:in `call'
  actionpack (4.2.1) lib/action_dispatch/middleware/static.rb:113:in `call'
  rack (1.6.0) lib/rack/sendfile.rb:113:in `call'
  railties (4.2.1) lib/rails/engine.rb:518:in `call'
  railties (4.2.1) lib/rails/application.rb:164:in `call'
  rack (1.6.0) lib/rack/lock.rb:17:in `call'
  rack (1.6.0) lib/rack/content_length.rb:15:in `call'
  rack (1.6.0) lib/rack/handler/webrick.rb:89:in `service'
  /Users/Negi/.rbenv/versions/2.2.0/lib/ruby/2.2.0/webrick/httpserver.rb:138:in `service'
  /Users/Negi/.rbenv/versions/2.2.0/lib/ruby/2.2.0/webrick/httpserver.rb:94:in `run'
  /Users/Negi/.rbenv/versions/2.2.0/lib/ruby/2.2.0/webrick/server.rb:294:in `block in start_thread'


  Rendered /Users/Negi/.rbenv/versions/2.2.0/lib/ruby/gems/2.2.0/gems/actionpack-4.2.1/lib/action_dispatch/middleware/templates/rescues/_trace.html.erb (2.5ms)
  Rendered /Users/Negi/.rbenv/versions/2.2.0/lib/ruby/gems/2.2.0/gems/actionpack-4.2.1/lib/action_dispatch/middleware/templates/routes/_route.html.erb (1.7ms)
  Rendered /Users/Negi/.rbenv/versions/2.2.0/lib/ruby/gems/2.2.0/gems/actionpack-4.2.1/lib/action_dispatch/middleware/templates/routes/_table.html.erb (2.0ms)
  Rendered /Users/Negi/.rbenv/versions/2.2.0/lib/ruby/gems/2.2.0/gems/actionpack-4.2.1/lib/action_dispatch/middleware/templates/rescues/_request_and_response.html.erb (1.6ms)
  Rendered /Users/Negi/.rbenv/versions/2.2.0/lib/ruby/gems/2.2.0/gems/actionpack-4.2.1/lib/action_dispatch/middleware/templates/rescues/routing_error.html.erb within rescues/layout (114.3ms)
  Rendered /Users/Negi/.rbenv/versions/2.2.0/lib/ruby/gems/2.2.0/gems/web-console-2.1.2/lib/web_console/templates/_markup.html.erb (0.8ms)
  Rendered /Users/Negi/.rbenv/versions/2.2.0/lib/ruby/gems/2.2.0/gems/web-console-2.1.2/lib/web_console/templates/style.css.erb within layouts/inlined_string (0.4ms)
  Rendered /Users/Negi/.rbenv/versions/2.2.0/lib/ruby/gems/2.2.0/gems/web-console-2.1.2/lib/web_console/templates/_inner_console_markup.html.erb within layouts/inlined_string (0.4ms)
  Rendered /Users/Negi/.rbenv/versions/2.2.0/lib/ruby/gems/2.2.0/gems/web-console-2.1.2/lib/web_console/templates/_prompt_box_markup.html.erb within layouts/inlined_string (0.4ms)
  Rendered /Users/Negi/.rbenv/versions/2.2.0/lib/ruby/gems/2.2.0/gems/web-console-2.1.2/lib/web_console/templates/console.js.erb within layouts/javascript (71.9ms)
  Rendered /Users/Negi/.rbenv/versions/2.2.0/lib/ruby/gems/2.2.0/gems/web-console-2.1.2/lib/web_console/templates/main.js.erb within layouts/javascript (0.4ms)
  Rendered /Users/Negi/.rbenv/versions/2.2.0/lib/ruby/gems/2.2.0/gems/web-console-2.1.2/lib/web_console/templates/error_page.js.erb within layouts/javascript (0.6ms)
  Rendered /Users/Negi/.rbenv/versions/2.2.0/lib/ruby/gems/2.2.0/gems/web-console-2.1.2/lib/web_console/templates/index.html.erb (159.5ms)


Started GET "/microposts" for ::1 at 2015-04-26 17:15:45 +0900
Processing by MicropostsController#index as HTML
  [1m[35mMicropost Load (0.3ms)[0m  SELECT "microposts".* FROM "microposts"
  Rendered microposts/index.html.erb within layouts/application (4.6ms)
Completed 200 OK in 399ms (Views: 395.1ms | ActiveRecord: 0.4ms)


Started GET "/assets/microposts.self-e3b0c44298fc1c149afbf4c8996fb92427ae41e4649b934ca495991b7852b855.css?body=1" for ::1 at 2015-04-26 17:15:46 +0900


Started GET "/assets/microposts.self-877aef30ae1b040ab8a3aba4e3e309a11d7f2612f44dde450b5c157aa5f95c05.js?body=1" for ::1 at 2015-04-26 17:15:46 +0900


Started GET "/microposts/new" for ::1 at 2015-04-26 17:17:52 +0900
Processing by MicropostsController#new as HTML
  Rendered microposts/_form.html.erb (30.4ms)
  Rendered microposts/new.html.erb within layouts/application (33.5ms)
Completed 200 OK in 109ms (Views: 96.3ms | ActiveRecord: 0.6ms)


Started POST "/microposts" for ::1 at 2015-04-26 17:18:17 +0900
Processing by MicropostsController#create as HTML
  Parameters: {"utf8"=>"âœ“", "authenticity_token"=>"+2p9Nt8u+UqzUjk7Lsq05VBoc2Secbe+jyTuBSn+IYYHCFBTCzR3WYtTEhYHbj6X8n5LQzABgLLQrOYsbJ589Q==", "micropost"=>{"content"=>"140æ–‡å­—ä»¥ä¸Šæ‰“ã£ã¦ã¿ã‚‹140æ–‡å­—ä»¥ä¸Šæ‰“ã£ã¦ã¿ã‚‹140æ–‡å­—ä»¥ä¸Šæ‰“ã£ã¦ã¿ã‚‹140æ–‡å­—ä»¥ä¸Šæ‰“ã£ã¦ã¿ã‚‹140æ–‡å­—ä»¥ä¸Šæ‰“ã£ã¦ã¿ã‚‹140æ–‡å­—ä»¥ä¸Šæ‰“ã£ã¦ã¿ã‚‹140æ–‡å­—ä»¥ä¸Šæ‰“ã£ã¦ã¿ã‚‹140æ–‡å­—ä»¥ä¸Šæ‰“ã£ã¦ã¿ã‚‹140æ–‡å­—ä»¥ä¸Šæ‰“ã£ã¦ã¿ã‚‹", "user_id"=>"1"}, "commit"=>"Create Micropost"}
  [1m[36m (0.2ms)[0m  [1mbegin transaction[0m
  [1m[35mSQL (0.7ms)[0m  INSERT INTO "microposts" ("content", "user_id", "created_at", "updated_at") VALUES (?, ?, ?, ?)  [["content", "140æ–‡å­—ä»¥ä¸Šæ‰“ã£ã¦ã¿ã‚‹140æ–‡å­—ä»¥ä¸Šæ‰“ã£ã¦ã¿ã‚‹140æ–‡å­—ä»¥ä¸Šæ‰“ã£ã¦ã¿ã‚‹140æ–‡å­—ä»¥ä¸Šæ‰“ã£ã¦ã¿ã‚‹140æ–‡å­—ä»¥ä¸Šæ‰“ã£ã¦ã¿ã‚‹140æ–‡å­—ä»¥ä¸Šæ‰“ã£ã¦ã¿ã‚‹140æ–‡å­—ä»¥ä¸Šæ‰“ã£ã¦ã¿ã‚‹140æ–‡å­—ä»¥ä¸Šæ‰“ã£ã¦ã¿ã‚‹140æ–‡å­—ä»¥ä¸Šæ‰“ã£ã¦ã¿ã‚‹"], ["user_id", 1], ["created_at", "2015-04-26 08:18:17.368391"], ["updated_at", "2015-04-26 08:18:17.368391"]]
  [1m[36m (4.2ms)[0m  [1mcommit transaction[0m
Redirected to http://localhost:3000/microposts/1
Completed 302 Found in 19ms (ActiveRecord: 5.1ms)


Started GET "/microposts/1" for ::1 at 2015-04-26 17:18:17 +0900
Processing by MicropostsController#show as HTML
  Parameters: {"id"=>"1"}
  [1m[35mMicropost Load (0.2ms)[0m  SELECT  "microposts".* FROM "microposts" WHERE "microposts"."id" = ? LIMIT 1  [["id", 1]]
  Rendered microposts/show.html.erb within layouts/application (1.0ms)
Completed 200 OK in 61ms (Views: 53.3ms | ActiveRecord: 0.2ms)


Started GET "/microposts" for ::1 at 2015-04-26 17:18:23 +0900
Processing by MicropostsController#index as HTML
  [1m[36mMicropost Load (0.2ms)[0m  [1mSELECT "microposts".* FROM "microposts"[0m
  Rendered microposts/index.html.erb within layouts/application (2.9ms)
Completed 200 OK in 65ms (Views: 64.2ms | ActiveRecord: 0.2ms)


Started GET "/microposts/new" for ::1 at 2015-04-26 17:18:25 +0900
Processing by MicropostsController#new as HTML
  Rendered microposts/_form.html.erb (1.7ms)
  Rendered microposts/new.html.erb within layouts/application (3.6ms)
Completed 200 OK in 47ms (Views: 46.3ms | ActiveRecord: 0.0ms)


Started POST "/microposts" for ::1 at 2015-04-26 17:18:40 +0900
Processing by MicropostsController#create as HTML
  Parameters: {"utf8"=>"âœ“", "authenticity_token"=>"u04nFMmiBK3Zyn+TStkH0b4O0V64qcHjahCMipE/Uy5HLApxHbiKvuHLVL5jfY2jHBjpeRbZ9u81mISj1F8OXQ==", "micropost"=>{"content"=>"140æ–‡å­—ä»¥ä¸Šæ‰“ã£ã¦ã¿ã‚‹140æ–‡å­—ä»¥ä¸Šæ‰“ã£ã¦ã¿ã‚‹140æ–‡å­—ä»¥ä¸Šæ‰“ã£ã¦ã¿ã‚‹140æ–‡å­—ä»¥ä¸Šæ‰“ã£ã¦ã¿ã‚‹140æ–‡å­—ä»¥ä¸Šæ‰“ã£ã¦ã¿ã‚‹140æ–‡å­—ä»¥ä¸Šæ‰“ã£ã¦ã¿ã‚‹140æ–‡å­—ä»¥ä¸Šæ‰“ã£ã¦ã¿ã‚‹140æ–‡å­—ä»¥ä¸Šæ‰“ã£ã¦ã¿ã‚‹140æ–‡å­—ä»¥ä¸Šæ‰“ã£ã¦ã¿ã‚‹140æ–‡å­—ä»¥ä¸Šæ‰“ã£ã¦ã¿ã‚‹140æ–‡å­—ä»¥ä¸Šæ‰“ã£ã¦ã¿ã‚‹140æ–‡å­—ä»¥ä¸Šæ‰“ã£ã¦ã¿ã‚‹140æ–‡å­—ä»¥ä¸Šæ‰“ã£ã¦ã¿ã‚‹140æ–‡å­—ä»¥ä¸Šæ‰“ã£ã¦ã¿ã‚‹140æ–‡å­—ä»¥ä¸Šæ‰“ã£ã¦ã¿ã‚‹140æ–‡å­—ä»¥ä¸Šæ‰“ã£ã¦ã¿ã‚‹140æ–‡å­—ä»¥ä¸Šæ‰“ã£ã¦ã¿ã‚‹140æ–‡å­—ä»¥ä¸Šæ‰“ã£ã¦ã¿ã‚‹140æ–‡å­—ä»¥ä¸Šæ‰“ã£ã¦ã¿ã‚‹140æ–‡å­—ä»¥ä¸Šæ‰“ã£ã¦ã¿ã‚‹140æ–‡å­—ä»¥ä¸Šæ‰“ã£ã¦ã¿ã‚‹140æ–‡å­—ä»¥ä¸Šæ‰“ã£ã¦ã¿ã‚‹140æ–‡å­—ä»¥ä¸Šæ‰“ã£ã¦ã¿ã‚‹140æ–‡å­—ä»¥ä¸Šæ‰“ã£ã¦ã¿ã‚‹140æ–‡å­—ä»¥ä¸Šæ‰“ã£ã¦ã¿ã‚‹140æ–‡å­—ä»¥ä¸Šæ‰“ã£ã¦ã¿ã‚‹140æ–‡å­—ä»¥ä¸Šæ‰“ã£ã¦ã¿ã‚‹140æ–‡å­—ä»¥ä¸Šæ‰“ã£ã¦ã¿ã‚‹140æ–‡å­—ä»¥ä¸Šæ‰“ã£ã¦ã¿ã‚‹140æ–‡å­—ä»¥ä¸Šæ‰“ã£ã¦ã¿ã‚‹140æ–‡å­—ä»¥ä¸Šæ‰“ã£ã¦ã¿ã‚‹140æ–‡å­—ä»¥ä¸Šæ‰“ã£ã¦ã¿ã‚‹140æ–‡å­—ä»¥ä¸Šæ‰“ã£ã¦ã¿ã‚‹140æ–‡å­—ä»¥ä¸Šæ‰“ã£ã¦ã¿ã‚‹140æ–‡å­—ä»¥ä¸Šæ‰“ã£ã¦ã¿ã‚‹140æ–‡å­—ä»¥ä¸Šæ‰“ã£ã¦ã¿ã‚‹140æ–‡å­—ä»¥ä¸Šæ‰“ã£ã¦ã¿ã‚‹140æ–‡å­—ä»¥ä¸Šæ‰“ã£ã¦ã¿ã‚‹140æ–‡å­—ä»¥ä¸Šæ‰“ã£ã¦ã¿ã‚‹140æ–‡å­—ä»¥ä¸Šæ‰“ã£ã¦ã¿ã‚‹140æ–‡å­—ä»¥ä¸Šæ‰“ã£ã¦ã¿ã‚‹140æ–‡å­—ä»¥ä¸Šæ‰“ã£ã¦ã¿ã‚‹140æ–‡å­—ä»¥ä¸Šæ‰“ã£ã¦ã¿ã‚‹140æ–‡å­—ä»¥ä¸Šæ‰“ã£ã¦ã¿ã‚‹140æ–‡å­—ä»¥ä¸Šæ‰“ã£ã¦ã¿ã‚‹140æ–‡å­—ä»¥ä¸Šæ‰“ã£ã¦ã¿ã‚‹140æ–‡å­—ä»¥ä¸Šæ‰“ã£ã¦ã¿ã‚‹140æ–‡å­—ä»¥ä¸Šæ‰“ã£ã¦ã¿ã‚‹140æ–‡å­—ä»¥ä¸Šæ‰“ã£ã¦ã¿ã‚‹140æ–‡å­—ä»¥ä¸Šæ‰“ã£ã¦ã¿ã‚‹140æ–‡å­—ä»¥ä¸Šæ‰“ã£ã¦ã¿ã‚‹140æ–‡å­—ä»¥ä¸Šæ‰“ã£ã¦ã¿ã‚‹140æ–‡å­—ä»¥ä¸Šæ‰“ã£ã¦ã¿ã‚‹140æ–‡å­—ä»¥ä¸Šæ‰“ã£ã¦ã¿ã‚‹140æ–‡å­—ä»¥ä¸Šæ‰“ã£ã¦ã¿ã‚‹140æ–‡å­—ä»¥ä¸Šæ‰“ã£ã¦ã¿ã‚‹140æ–‡å­—ä»¥ä¸Šæ‰“ã£ã¦ã¿ã‚‹140æ–‡å­—ä»¥ä¸Šæ‰“ã£ã¦ã¿ã‚‹140æ–‡å­—ä»¥ä¸Šæ‰“ã£ã¦ã¿ã‚‹140æ–‡å­—ä»¥ä¸Šæ‰“ã£ã¦ã¿ã‚‹140æ–‡å­—ä»¥ä¸Šæ‰“ã£ã¦ã¿ã‚‹140æ–‡å­—ä»¥ä¸Šæ‰“ã£ã¦ã¿ã‚‹140æ–‡å­—ä»¥ä¸Šæ‰“ã£ã¦ã¿ã‚‹140æ–‡å­—ä»¥ä¸Šæ‰“ã£ã¦ã¿ã‚‹140æ–‡å­—ä»¥ä¸Šæ‰“ã£ã¦ã¿ã‚‹140æ–‡å­—ä»¥ä¸Šæ‰“ã£ã¦ã¿ã‚‹140æ–‡å­—ä»¥ä¸Šæ‰“ã£ã¦ã¿ã‚‹140æ–‡å­—ä»¥ä¸Šæ‰“ã£ã¦ã¿ã‚‹140æ–‡å­—ä»¥ä¸Šæ‰“ã£ã¦ã¿ã‚‹140æ–‡å­—ä»¥ä¸Šæ‰“ã£ã¦ã¿ã‚‹140æ–‡å­—ä»¥ä¸Šæ‰“ã£ã¦ã¿ã‚‹140æ–‡å­—ä»¥ä¸Šæ‰“ã£ã¦ã¿ã‚‹", "user_id"=>"1"}, "commit"=>"Create Micropost"}
  [1m[35m (0.1ms)[0m  begin transaction
  [1m[36m (0.1ms)[0m  [1mrollback transaction[0m
  Rendered microposts/_form.html.erb (5.0ms)
  Rendered microposts/new.html.erb within layouts/application (7.8ms)
Completed 200 OK in 72ms (Views: 66.8ms | ActiveRecord: 0.2ms)
  [1m[36mUser Load (0.2ms)[0m  [1mSELECT  "users".* FROM "users"  ORDER BY "users"."id" ASC LIMIT 1[0m


Started POST "/microposts" for ::1 at 2015-04-26 23:05:25 +0900
Processing by MicropostsController#create as HTML
  Parameters: {"utf8"=>"âœ“", "authenticity_token"=>"ebdoZfdFHH6JjHSTktDQoiSVJxFmBLWOrgvzdSosC32F1UUAI1+SbbGNX767dFrQhoMfNsh0goLxg/tcb0xWDg==", "micropost"=>{"content"=>"140æ–‡å­—ä»¥ä¸Šæ‰“ã£ã¦ã¿ã‚‹140æ–‡å­—ä»¥ä¸Šæ‰“ã£ã¦ã¿ã‚‹140æ–‡å­—ä»¥ä¸Šæ‰“ã£ã¦ã¿ã‚‹140æ–‡å­—ä»¥ä¸Šæ‰“ã£ã¦ã¿ã‚‹140æ–‡å­—ä»¥ä¸Šæ‰“ã£ã¦ã¿ã‚‹140æ–‡å­—ä»¥ä¸Šæ‰“ã£ã¦ã¿ã‚‹140æ–‡å­—ä»¥ä¸Šæ‰“ã£ã¦ã¿ã‚‹140æ–‡å­—ä»¥ä¸Šæ‰“ã£ã¦ã¿ã‚‹140æ–‡å­—ä»¥ä¸Šæ‰“ã£ã¦ã¿ã‚‹140æ–‡å­—ä»¥ä¸Šæ‰“ã£ã¦ã¿ã‚‹140æ–‡å­—ä»¥ä¸Šæ‰“ã£ã¦ã¿ã‚‹140æ–‡å­—ä»¥ä¸Šæ‰“ã£ã¦ã¿ã‚‹140æ–‡å­—ä»¥ä¸Šæ‰“ã£ã¦ã¿ã‚‹140æ–‡å­—ä»¥ä¸Šæ‰“ã£ã¦ã¿ã‚‹140æ–‡å­—ä»¥ä¸Šæ‰“ã£ã¦ã¿ã‚‹140æ–‡å­—ä»¥ä¸Šæ‰“ã£ã¦ã¿ã‚‹140æ–‡å­—ä»¥ä¸Šæ‰“ã£ã¦ã¿ã‚‹140æ–‡å­—ä»¥ä¸Šæ‰“ã£ã¦ã¿ã‚‹140æ–‡å­—ä»¥ä¸Šæ‰“ã£ã¦ã¿ã‚‹140æ–‡å­—ä»¥ä¸Šæ‰“ã£ã¦ã¿ã‚‹140æ–‡å­—ä»¥ä¸Šæ‰“ã£ã¦ã¿ã‚‹140æ–‡å­—ä»¥ä¸Šæ‰“ã£ã¦ã¿ã‚‹140æ–‡å­—ä»¥ä¸Šæ‰“ã£ã¦ã¿ã‚‹140æ–‡å­—ä»¥ä¸Šæ‰“ã£ã¦ã¿ã‚‹140æ–‡å­—ä»¥ä¸Šæ‰“ã£ã¦ã¿ã‚‹140æ–‡å­—ä»¥ä¸Šæ‰“ã£ã¦ã¿ã‚‹140æ–‡å­—ä»¥ä¸Šæ‰“ã£ã¦ã¿ã‚‹140æ–‡å­—ä»¥ä¸Šæ‰“ã£ã¦ã¿ã‚‹140æ–‡å­—ä»¥ä¸Šæ‰“ã£ã¦ã¿ã‚‹140æ–‡å­—ä»¥ä¸Šæ‰“ã£ã¦ã¿ã‚‹140æ–‡å­—ä»¥ä¸Šæ‰“ã£ã¦ã¿ã‚‹140æ–‡å­—ä»¥ä¸Šæ‰“ã£ã¦ã¿ã‚‹140æ–‡å­—ä»¥ä¸Šæ‰“ã£ã¦ã¿ã‚‹140æ–‡å­—ä»¥ä¸Šæ‰“ã£ã¦ã¿ã‚‹140æ–‡å­—ä»¥ä¸Šæ‰“ã£ã¦ã¿ã‚‹140æ–‡å­—ä»¥ä¸Šæ‰“ã£ã¦ã¿ã‚‹140æ–‡å­—ä»¥ä¸Šæ‰“ã£ã¦ã¿ã‚‹140æ–‡å­—ä»¥ä¸Šæ‰“ã£ã¦ã¿ã‚‹140æ–‡å­—ä»¥ä¸Šæ‰“ã£ã¦ã¿ã‚‹140æ–‡å­—ä»¥ä¸Šæ‰“ã£ã¦ã¿ã‚‹140æ–‡å­—ä»¥ä¸Šæ‰“ã£ã¦ã¿ã‚‹140æ–‡å­—ä»¥ä¸Šæ‰“ã£ã¦ã¿ã‚‹140æ–‡å­—ä»¥ä¸Šæ‰“ã£ã¦ã¿ã‚‹140æ–‡å­—ä»¥ä¸Šæ‰“ã£ã¦ã¿ã‚‹140æ–‡å­—ä»¥ä¸Šæ‰“ã£ã¦ã¿ã‚‹140æ–‡å­—ä»¥ä¸Šæ‰“ã£ã¦ã¿ã‚‹140æ–‡å­—ä»¥ä¸Šæ‰“ã£ã¦ã¿ã‚‹140æ–‡å­—ä»¥ä¸Šæ‰“ã£ã¦ã¿ã‚‹140æ–‡å­—ä»¥ä¸Šæ‰“ã£ã¦ã¿ã‚‹140æ–‡å­—ä»¥ä¸Šæ‰“ã£ã¦ã¿ã‚‹140æ–‡å­—ä»¥ä¸Šæ‰“ã£ã¦ã¿ã‚‹140æ–‡å­—ä»¥ä¸Šæ‰“ã£ã¦ã¿ã‚‹140æ–‡å­—ä»¥ä¸Šæ‰“ã£ã¦ã¿ã‚‹140æ–‡å­—ä»¥ä¸Šæ‰“ã£ã¦ã¿ã‚‹140æ–‡å­—ä»¥ä¸Šæ‰“ã£ã¦ã¿ã‚‹140æ–‡å­—ä»¥ä¸Šæ‰“ã£ã¦ã¿ã‚‹140æ–‡å­—ä»¥ä¸Šæ‰“ã£ã¦ã¿ã‚‹140æ–‡å­—ä»¥ä¸Šæ‰“ã£ã¦ã¿ã‚‹140æ–‡å­—ä»¥ä¸Šæ‰“ã£ã¦ã¿ã‚‹140æ–‡å­—ä»¥ä¸Šæ‰“ã£ã¦ã¿ã‚‹140æ–‡å­—ä»¥ä¸Šæ‰“ã£ã¦ã¿ã‚‹140æ–‡å­—ä»¥ä¸Šæ‰“ã£ã¦ã¿ã‚‹140æ–‡å­—ä»¥ä¸Šæ‰“ã£ã¦ã¿ã‚‹140æ–‡å­—ä»¥ä¸Šæ‰“ã£ã¦ã¿ã‚‹140æ–‡å­—ä»¥ä¸Šæ‰“ã£ã¦ã¿ã‚‹140æ–‡å­—ä»¥ä¸Šæ‰“ã£ã¦ã¿ã‚‹140æ–‡å­—ä»¥ä¸Šæ‰“ã£ã¦ã¿ã‚‹140æ–‡å­—ä»¥ä¸Šæ‰“ã£ã¦ã¿ã‚‹140æ–‡å­—ä»¥ä¸Šæ‰“ã£ã¦ã¿ã‚‹140æ–‡å­—ä»¥ä¸Šæ‰“ã£ã¦ã¿ã‚‹140æ–‡å­—ä»¥ä¸Šæ‰“ã£ã¦ã¿ã‚‹140æ–‡å­—ä»¥ä¸Šæ‰“ã£ã¦ã¿ã‚‹", "user_id"=>"1"}, "commit"=>"Create Micropost"}
  [1m[35m (0.8ms)[0m  begin transaction
  [1m[36m (0.6ms)[0m  [1mrollback transaction[0m
  Rendered microposts/_form.html.erb (22.4ms)
  Rendered microposts/new.html.erb within layouts/application (29.1ms)
Completed 200 OK in 334ms (Views: 185.5ms | ActiveRecord: 5.9ms)


Started GET "/microposts" for ::1 at 2015-04-26 23:05:32 +0900
Processing by MicropostsController#index as HTML
  [1m[35mMicropost Load (0.5ms)[0m  SELECT "microposts".* FROM "microposts"
  Rendered microposts/index.html.erb within layouts/application (9.6ms)
Completed 200 OK in 173ms (Views: 170.1ms | ActiveRecord: 0.5ms)


Started GET "/users" for ::1 at 2015-04-26 23:05:39 +0900
Processing by UsersController#index as HTML
  [1m[36mUser Load (0.5ms)[0m  [1mSELECT "users".* FROM "users"[0m
  Rendered users/index.html.erb within layouts/application (8.2ms)
Completed 200 OK in 171ms (Views: 151.5ms | ActiveRecord: 0.7ms)


Started GET "/users/new" for ::1 at 2015-04-26 23:05:41 +0900
Processing by UsersController#new as HTML
  Rendered users/_form.html.erb (12.1ms)
  Rendered users/new.html.erb within layouts/application (18.5ms)
Completed 200 OK in 142ms (Views: 134.2ms | ActiveRecord: 0.1ms)


Started POST "/users" for ::1 at 2015-04-26 23:05:51 +0900
Processing by UsersController#create as HTML
  Parameters: {"utf8"=>"âœ“", "authenticity_token"=>"j13KvLr1Hl+HS7gEd4RcO28WPgCScPEgXcO2n6LatXhzP+fZbu+QTL9KkyleINZJzQAGJzwAxiwCS76257roCw==", "user"=>{"name"=>"testUser", "email"=>"a@a.com"}, "commit"=>"Create User"}
  [1m[35m (0.1ms)[0m  begin transaction
  [1m[36mSQL (1.2ms)[0m  [1mINSERT INTO "users" ("name", "email", "created_at", "updated_at") VALUES (?, ?, ?, ?)[0m  [["name", "testUser"], ["email", "a@a.com"], ["created_at", "2015-04-26 14:05:51.448211"], ["updated_at", "2015-04-26 14:05:51.448211"]]
  [1m[35m (1.8ms)[0m  commit transaction
Redirected to http://localhost:3000/users/2
Completed 302 Found in 13ms (ActiveRecord: 3.1ms)


Started GET "/users/2" for ::1 at 2015-04-26 23:05:51 +0900
Processing by UsersController#show as HTML
  Parameters: {"id"=>"2"}
  [1m[36mUser Load (0.2ms)[0m  [1mSELECT  "users".* FROM "users" WHERE "users"."id" = ? LIMIT 1[0m  [["id", 2]]
  Rendered users/show.html.erb within layouts/application (3.2ms)
Completed 200 OK in 70ms (Views: 67.7ms | ActiveRecord: 0.2ms)


Started GET "/users" for ::1 at 2015-04-26 23:05:54 +0900
Processing by UsersController#index as HTML
  [1m[35mUser Load (0.2ms)[0m  SELECT "users".* FROM "users"
  Rendered users/index.html.erb within layouts/application (2.3ms)
Completed 200 OK in 48ms (Views: 46.9ms | ActiveRecord: 0.2ms)
  [1m[35mUser Load (23.5ms)[0m  SELECT  "users".* FROM "users"  ORDER BY "users"."id" ASC LIMIT 1


Started GET "/users/new" for ::1 at 2015-04-26 23:06:05 +0900
Processing by UsersController#new as HTML
  Rendered users/_form.html.erb (1.7ms)
  Rendered users/new.html.erb within layouts/application (3.7ms)
Completed 200 OK in 48ms (Views: 47.7ms | ActiveRecord: 0.0ms)


Started GET "/users" for ::1 at 2015-04-26 23:06:07 +0900
Processing by UsersController#index as HTML
  [1m[36mUser Load (0.2ms)[0m  [1mSELECT "users".* FROM "users"[0m
  Rendered users/index.html.erb within layouts/application (1.2ms)
Completed 200 OK in 43ms (Views: 42.1ms | ActiveRecord: 0.2ms)


Started GET "/microposts" for ::1 at 2015-04-26 23:06:12 +0900
Processing by MicropostsController#index as HTML
  [1m[35mMicropost Load (0.2ms)[0m  SELECT "microposts".* FROM "microposts"
  Rendered microposts/index.html.erb within layouts/application (2.1ms)
Completed 200 OK in 72ms (Views: 71.4ms | ActiveRecord: 0.2ms)


Started GET "/microposts/1/edit" for ::1 at 2015-04-26 23:06:15 +0900
Processing by MicropostsController#edit as HTML
  Parameters: {"id"=>"1"}
  [1m[36mMicropost Load (0.2ms)[0m  [1mSELECT  "microposts".* FROM "microposts" WHERE "microposts"."id" = ? LIMIT 1[0m  [["id", 1]]
  Rendered microposts/_form.html.erb (2.2ms)
  Rendered microposts/edit.html.erb within layouts/application (4.6ms)
Completed 200 OK in 64ms (Views: 62.3ms | ActiveRecord: 0.2ms)


Started PATCH "/microposts/1" for ::1 at 2015-04-26 23:06:19 +0900
Processing by MicropostsController#update as HTML
  Parameters: {"utf8"=>"âœ“", "authenticity_token"=>"XjaL3bJBsBP2BAUAl7vlX7tpHIXiFtsqi09ZJT/WPcOiVKa4Zls+AM4FLi2+H28tGX8kokxm7CbUx1EMerZgsA==", "micropost"=>{"content"=>"140æ–‡å­—ä»¥ä¸Šæ‰“ã£ã¦ã¿ã‚‹140æ–‡å­—ä»¥ä¸Šæ‰“ã£ã¦ã¿ã‚‹140æ–‡å­—ä»¥ä¸Šæ‰“ã£ã¦ã¿ã‚‹140æ–‡å­—ä»¥ä¸Šæ‰“ã£ã¦ã¿ã‚‹140æ–‡å­—ä»¥ä¸Šæ‰“ã£ã¦ã¿ã‚‹140æ–‡å­—ä»¥ä¸Šæ‰“ã£ã¦ã¿ã‚‹140æ–‡å­—ä»¥ä¸Šæ‰“ã£ã¦ã¿ã‚‹140æ–‡å­—ä»¥ä¸Šæ‰“ã£ã¦ã¿ã‚‹140æ–‡å­—ä»¥ä¸Šæ‰“ã£ã¦ã¿ã‚‹", "user_id"=>"2"}, "commit"=>"Update Micropost", "id"=>"1"}
  [1m[35mMicropost Load (0.5ms)[0m  SELECT  "microposts".* FROM "microposts" WHERE "microposts"."id" = ? LIMIT 1  [["id", 1]]
  [1m[36m (0.1ms)[0m  [1mbegin transaction[0m
  [1m[35mSQL (0.4ms)[0m  UPDATE "microposts" SET "user_id" = ?, "updated_at" = ? WHERE "microposts"."id" = ?  [["user_id", 2], ["updated_at", "2015-04-26 14:06:19.471034"], ["id", 1]]
  [1m[36m (1.2ms)[0m  [1mcommit transaction[0m
Redirected to http://localhost:3000/microposts/1
Completed 302 Found in 19ms (ActiveRecord: 2.2ms)


Started GET "/microposts/1" for ::1 at 2015-04-26 23:06:19 +0900
Processing by MicropostsController#show as HTML
  Parameters: {"id"=>"1"}
  [1m[35mMicropost Load (0.2ms)[0m  SELECT  "microposts".* FROM "microposts" WHERE "microposts"."id" = ? LIMIT 1  [["id", 1]]
  Rendered microposts/show.html.erb within layouts/application (0.6ms)
Completed 200 OK in 61ms (Views: 59.3ms | ActiveRecord: 0.2ms)


Started GET "/microposts" for ::1 at 2015-04-26 23:06:25 +0900
Processing by MicropostsController#index as HTML
  [1m[36mMicropost Load (0.2ms)[0m  [1mSELECT "microposts".* FROM "microposts"[0m
  Rendered microposts/index.html.erb within layouts/application (1.8ms)
Completed 200 OK in 64ms (Views: 62.6ms | ActiveRecord: 0.2ms)


Started GET "/microposts/new" for ::1 at 2015-04-26 23:06:27 +0900
Processing by MicropostsController#new as HTML
  Rendered microposts/_form.html.erb (1.7ms)
  Rendered microposts/new.html.erb within layouts/application (3.7ms)
Completed 200 OK in 53ms (Views: 52.4ms | ActiveRecord: 0.0ms)


Started POST "/microposts" for ::1 at 2015-04-26 23:06:36 +0900
Processing by MicropostsController#create as HTML
  Parameters: {"utf8"=>"âœ“", "authenticity_token"=>"vP/28yRuIBgGnMH4W0NhhTVBhEJaPM1IxJ4vJEX1M8ZAnduW8HSuCz6d6tVy5+v3l1e8ZfRM+kSbFicNAJVutQ==", "micropost"=>{"content"=>"testtest", "user_id"=>"2"}, "commit"=>"Create Micropost"}
  [1m[35m (0.1ms)[0m  begin transaction
  [1m[36mSQL (0.5ms)[0m  [1mINSERT INTO "microposts" ("content", "user_id", "created_at", "updated_at") VALUES (?, ?, ?, ?)[0m  [["content", "testtest"], ["user_id", 2], ["created_at", "2015-04-26 14:06:36.678551"], ["updated_at", "2015-04-26 14:06:36.678551"]]
  [1m[35m (2.0ms)[0m  commit transaction
Redirected to http://localhost:3000/microposts/2
Completed 302 Found in 7ms (ActiveRecord: 2.6ms)


Started GET "/microposts/2" for ::1 at 2015-04-26 23:06:36 +0900
Processing by MicropostsController#show as HTML
  Parameters: {"id"=>"2"}
  [1m[36mMicropost Load (0.1ms)[0m  [1mSELECT  "microposts".* FROM "microposts" WHERE "microposts"."id" = ? LIMIT 1[0m  [["id", 2]]
  Rendered microposts/show.html.erb within layouts/application (0.4ms)
Completed 200 OK in 54ms (Views: 52.0ms | ActiveRecord: 0.1ms)


Started GET "/microposts" for ::1 at 2015-04-26 23:06:40 +0900
Processing by MicropostsController#index as HTML
  [1m[35mMicropost Load (0.2ms)[0m  SELECT "microposts".* FROM "microposts"
  Rendered microposts/index.html.erb within layouts/application (1.6ms)
Completed 200 OK in 47ms (Views: 46.1ms | ActiveRecord: 0.2ms)


Started GET "/microposts/1/edit" for ::1 at 2015-04-26 23:06:50 +0900
Processing by MicropostsController#edit as HTML
  Parameters: {"id"=>"1"}
  [1m[36mMicropost Load (0.1ms)[0m  [1mSELECT  "microposts".* FROM "microposts" WHERE "microposts"."id" = ? LIMIT 1[0m  [["id", 1]]
  Rendered microposts/_form.html.erb (1.7ms)
  Rendered microposts/edit.html.erb within layouts/application (3.6ms)
Completed 200 OK in 45ms (Views: 43.5ms | ActiveRecord: 0.1ms)


Started PATCH "/microposts/1" for ::1 at 2015-04-26 23:06:52 +0900
Processing by MicropostsController#update as HTML
  Parameters: {"utf8"=>"âœ“", "authenticity_token"=>"MziFwmurluZPR2oHTiWElH3UvGoV5jpNVqSuDdcQFgTPWqinv7EY9XdGQSpngQ7m38KETbuWDUEJLKYkknBLdw==", "micropost"=>{"content"=>"140æ–‡å­—ä»¥ä¸Šæ‰“ã£ã¦ã¿ã‚‹140æ–‡å­—ä»¥ä¸Šæ‰“ã£ã¦ã¿ã‚‹140æ–‡å­—ä»¥ä¸Šæ‰“ã£ã¦ã¿ã‚‹140æ–‡å­—ä»¥ä¸Šæ‰“ã£ã¦ã¿ã‚‹140æ–‡å­—ä»¥ä¸Šæ‰“ã£ã¦ã¿ã‚‹140æ–‡å­—ä»¥ä¸Šæ‰“ã£ã¦ã¿ã‚‹140æ–‡å­—ä»¥ä¸Šæ‰“ã£ã¦ã¿ã‚‹140æ–‡å­—ä»¥ä¸Šæ‰“ã£ã¦ã¿ã‚‹140æ–‡å­—ä»¥ä¸Šæ‰“ã£ã¦ã¿ã‚‹", "user_id"=>"2"}, "commit"=>"Update Micropost", "id"=>"1"}
  [1m[35mMicropost Load (0.1ms)[0m  SELECT  "microposts".* FROM "microposts" WHERE "microposts"."id" = ? LIMIT 1  [["id", 1]]
  [1m[36m (0.4ms)[0m  [1mbegin transaction[0m
  [1m[35m (0.1ms)[0m  commit transaction
Redirected to http://localhost:3000/microposts/1
Completed 302 Found in 6ms (ActiveRecord: 0.7ms)


Started GET "/microposts/1" for ::1 at 2015-04-26 23:06:52 +0900
Processing by MicropostsController#show as HTML
  Parameters: {"id"=>"1"}
  [1m[36mMicropost Load (0.2ms)[0m  [1mSELECT  "microposts".* FROM "microposts" WHERE "microposts"."id" = ? LIMIT 1[0m  [["id", 1]]
  Rendered microposts/show.html.erb within layouts/application (1.0ms)
Completed 200 OK in 66ms (Views: 64.6ms | ActiveRecord: 0.2ms)


Started GET "/microposts" for ::1 at 2015-04-26 23:06:55 +0900
Processing by MicropostsController#index as HTML
  [1m[35mMicropost Load (0.6ms)[0m  SELECT "microposts".* FROM "microposts"
  Rendered microposts/index.html.erb within layouts/application (2.9ms)
Completed 200 OK in 48ms (Views: 46.7ms | ActiveRecord: 0.6ms)
  [1m[36mMicropost Load (1.2ms)[0m  [1mSELECT "microposts".* FROM "microposts" WHERE "microposts"."user_id" = ?[0m  [["user_id", 2]]
